#
# A fatal error has been detected by the Java Runtime Environment:
#
#  SIGBUS (0xa) at pc=0x000000010559ef38, pid=19340, tid=10499
#
# JRE version:  (19.0.2) (build )
# Java VM: OpenJDK 64-Bit Server VM (19.0.2, mixed mode, sharing, tiered, compressed oops, compressed class ptrs, g1 gc, bsd-aarch64)
# Problematic frame:
# V  [libjvm.dylib+0x3baf38]  CodeHeap::allocate(unsigned long)+0x1c0
#
# No core dump will be written. Core dumps have been disabled. To enable core dumping, try "ulimit -c unlimited" before starting Java again
#
#

---------------  S U M M A R Y ------------

Command Line: -Dfile.encoding=UTF-8 -XX:+ShowCodeDetailsInExceptionMessages InchesToMeters

Host: "MacBookPro18,3" arm64, 10 cores, 32G, Darwin 22.4.0, macOS 13.3 (22E5219e)
Time: Wed Feb 22 10:46:08 2023 CST elapsed time: 0.004803 seconds (0d 0h 0m 0s)

---------------  T H R E A D  ---------------

Current thread (0x0000000131008c00):  JavaThread "Unknown thread" [_thread_in_vm, id=10499, stack(0x000000016bcec000,0x000000016beef000)]

Stack: [0x000000016bcec000,0x000000016beef000],  sp=0x000000016beee9c0,  free space=2058k
Native frames: (J=compiled Java code, j=interpreted, Vv=VM code, C=native code)
V  [libjvm.dylib+0x3baf38]  CodeHeap::allocate(unsigned long)+0x1c0
V  [libjvm.dylib+0x22f550]  CodeCache::allocate(int, int, bool, int)+0x60
V  [libjvm.dylib+0x22ab58]  BufferBlob::create(char const*, int)+0x74
V  [libjvm.dylib+0x7eb818]  StubRoutines::initialize1()+0x98
V  [libjvm.dylib+0x3e0894]  init_globals()+0x28
V  [libjvm.dylib+0x835b3c]  Threads::create_vm(JavaVMInitArgs*, bool*)+0x2a0
V  [libjvm.dylib+0x46e5ac]  JNI_CreateJavaVM+0x78
C  [libjli.dylib+0x8c04]  JavaMain+0x100
C  [libjli.dylib+0xb78c]  ThreadJavaMain+0xc
C  [libsystem_pthread.dylib+0x6fa8]  _pthread_start+0x94


siginfo: si_signo: 10 (SIGBUS), si_code: 1 (BUS_ADRALN), si_addr: 0x00000001157b8000

Registers:
 x0=0x00000001042ec000  x1=0x0000000105ccb524  x2=0xfffffffffffffffb  x3=0x00000001042ec05b
 x4=0x00000000019df4a9  x5=0x0000000000000020  x6=0x0065736c202c3233  x7=0x0000000000000000
 x8=0x0000000000000000  x9=0x00000001157b8000 x10=0x0000000000000007 x11=0x0000000000004e00
x12=0x0000000000000002 x13=0x0000000000000000 x14=0x00000000000007fb x15=0x000000009604e801
x16=0x000000018d4e66a0 x17=0x0000600003b9dd00 x18=0x0000000000000000 x19=0x0000000130e04f60
x20=0x000000000000009b x21=0x00000001157b8000 x22=0x0000000000004d28 x23=0x0000000000000002
x24=0x0000000130e04f60 x25=0x0000000105c8e210 x26=0x0000000105ccb281 x27=0x0000000000000001
x28=0x0000600003b8c000  fp=0x000000016beeea00  lr=0x000000010559ef24  sp=0x000000016beee9c0
pc=0x000000010559ef38 cpsr=0x0000000080001000

Top of Stack: (sp=0x000000016beee9c0)
0x000000016beee9c0:   0000000000000000 4024000000000000
0x000000016beee9d0:   000000016beeea00 00000001059e48d8
0x000000016beee9e0:   0000000000004d28 0000000000004d28
0x000000016beee9f0:   0000000000000001 0000000000000003
0x000000016beeea00:   000000016beeea50 0000000105413550
0x000000016beeea10:   000000018d4bfeb0 0000000105cbddf8
0x000000016beeea20:   0000000105c9c000 0000000105a19580
0x000000016beeea30:   0000000000004d28 0000000105cba528
0x000000016beeea40:   0000600000092b40 0000000105b613a1
0x000000016beeea50:   000000016beeea90 000000010540eb58
0x000000016beeea60:   0000000000004000 0000000000000000
0x000000016beeea70:   0000000000000000 0000000105cba528
0x000000016beeea80:   0000000105cd7000 0000600001b9cf30
0x000000016beeea90:   000000016beeecb0 00000001059cf818
0x000000016beeeaa0:   ffffffff6beeea00 000000010531a801
0x000000016beeeab0:   000000010e284000 000000000f000000
0x000000016beeeac0:   0000000000000000 0000000000004000
0x000000016beeead0:   0000000000004000 ffffffff05a1c500
0x000000016beeeae0:   0000000105c89f01 000000013100d800
0x000000016beeeaf0:   000000016beeeb20 0000000105320a70
0x000000016beeeb00:   000000013100d810 0000000105b02228
0x000000016beeeb10:   0000000000000000 0000000130e04630
0x000000016beeeb20:   000000016beeeb40 0000000105320af4
0x000000016beeeb30:   000000016beeec20 0000600001b9cf30
0x000000016beeeb40:   000000016beeeb60 00000001054726f4
0x000000016beeeb50:   0000000131008c00 0000600001b9cf30
0x000000016beeeb60:   000000016beeec80 00000001053fc0a4
0x000000016beeeb70:   000181a401000012 0000000003115cf9
0x000000016beeeb80:   000000016beeeb90 00000001053b8c54
0x000000016beeeb90:   000000016beeeba0 00000001058f52b4
0x000000016beeeba0:   000000016beeebb0 00000001053daa68
0x000000016beeebb0:   000000016beeebc0 73b2067223df0029 

Instructions: (pc=0x000000010559ef38)
0x000000010559ee38:   6b15011f 9a95c10a f9408669 8b2ac128
0x000000010559ee48:   f940766b eb0b011f 54000069 d2800000
0x000000010559ee58:   1400005c 93407d54 eb09011f 54000609
0x000000010559ee68:   f940466a 8b090140 f103fa9f 540000a8
0x000000010559ee78:   b0003961 9112a421 aa1403e2 14000027
0x000000010559ee88:   3800141f 8b080148 eb08001f 54000482
0x000000010559ee98:   8b0a0129 9103fd29 d1000682 b000396a
0x000000010559eea8:   9112a94a d103f920 eb08013f 54000328
0x000000010559eeb8:   ad400540 ad410d42 ad010c02 ad000400
0x000000010559eec8:   ad420540 ad430d42 ad030c02 ad020400
0x000000010559eed8:   ad440540 ad450d42 ad050c02 ad040400
0x000000010559eee8:   ad460540 3dc03942 3ccee143 3c8ee003
0x000000010559eef8:   ad068801 3d803000 9103f92b d103f842
0x000000010559ef08:   eb08013f aa0b03e9 54fffce3 14000004
0x000000010559ef18:   b0003961 9112a821 9414b1e4 f9408668
0x000000010559ef28:   f9400e69 b941026a 9aca2108 8b080135
0x000000010559ef38:   f90002b4 52800028 390022a8 f9408668
0x000000010559ef48:   8b140108 f9008668 f9400669 f940126a
0x000000010559ef58:   eb15013f 54000068 eb15015f 540001a8
0x000000010559ef68:   a900abe9 f90003f5 b0002c00 910fd400
0x000000010559ef78:   b0002c02 91105c42 b0002c03 9111cc63
0x000000010559ef88:   528026c1 97fb004b 940c1495 f9408668
0x000000010559ef98:   f9409a69 f940926a cb0a0108 b941026a
0x000000010559efa8:   9aca2108 eb08013f 9a888128 f9009a68
0x000000010559efb8:   b9414668 11000508 b9014668 910042a0
0x000000010559efc8:   a9447bfd a9434ff4 a94257f6 910143ff
0x000000010559efd8:   d65f03c0 a9be4ff4 a9017bfd 910043fd
0x000000010559efe8:   f9408809 90003788 d503201f f9410d0b
0x000000010559eff8:   eb01017f 9a818174 b40002e9 aa0003f3
0x000000010559f008:   d2800001 d280000a d280000c f9408408
0x000000010559f018:   aa0903ed f94001ae eb1401df 54000200
0x000000010559f028:   1a9f97ef eb0801df 1a9f27f0 6a1001ff 



---------------  P R O C E S S  ---------------

Threads class SMR info:
_java_thread_list=0x0000000105cee1f0, length=0, elements={
}

Java Threads: ( => current thread )

Other Threads:

=>0x0000000131008c00 (exited) JavaThread "Unknown thread" [_thread_in_vm, id=10499, stack(0x000000016bcec000,0x000000016beef000)]

Threads with active compile tasks:

VM state: not at safepoint (not fully initialized)

VM Mutex/Monitor currently owned by a thread:  ([mutex/lock_event])
[0x0000600000092b40] CodeCache_lock - owner thread: 0x0000000131008c00

Heap address: 0x0000000000000000, size: 0 MB, Compressed Oops mode: 32-bit

CDS archive(s) mapped at: [0x0000000000000000-0x0000000000000000-0x0000000000000000), size 0, SharedBaseAddress: 0x0000000800000000, ArchiveRelocationMode: 0.
Narrow klass base: 0x0000000000000000, Narrow klass shift: 0, Narrow klass range: 0x0

GC Precious Log:
<Not initialized>

Dll operation events (1 events):
Event: 0.004 Loaded shared library /opt/homebrew/Cellar/openjdk/19.0.2/libexec/openjdk.jdk/Contents/Home/lib/libjava.dylib

Deoptimization events (0 events):
No events

Classes loaded (0 events):
No events

Classes unloaded (0 events):
No events

Classes redefined (0 events):
No events

Internal exceptions (0 events):
No events

VM Operations (0 events):
No events

Events (1 events):
Event: 0.003 Protecting memory [0x000000016bcec000,0x000000016bcf8000] with protection modes 0


Dynamic libraries:
0x0000000104220000 	/opt/homebrew/Cellar/openjdk/19.0.2/libexec/openjdk.jdk/Contents/Home/lib/libjli.dylib
0x0000000198e16000 	/usr/lib/libz.1.dylib
0x0000000198ed0000 	/usr/lib/libSystem.B.dylib
0x0000000198eca000 	/usr/lib/system/libcache.dylib
0x0000000198e86000 	/usr/lib/system/libcommonCrypto.dylib
0x0000000198eb1000 	/usr/lib/system/libcompiler_rt.dylib
0x0000000198ea7000 	/usr/lib/system/libcopyfile.dylib
0x000000018d24d000 	/usr/lib/system/libcorecrypto.dylib
0x000000018d304000 	/usr/lib/system/libdispatch.dylib
0x000000018d4be000 	/usr/lib/system/libdyld.dylib
0x0000000198ec0000 	/usr/lib/system/libkeymgr.dylib
0x0000000198e60000 	/usr/lib/system/libmacho.dylib
0x0000000198472000 	/usr/lib/system/libquarantine.dylib
0x0000000198ebd000 	/usr/lib/system/libremovefile.dylib
0x0000000192153000 	/usr/lib/system/libsystem_asl.dylib
0x000000018d1e9000 	/usr/lib/system/libsystem_blocks.dylib
0x000000018d34f000 	/usr/lib/system/libsystem_c.dylib
0x0000000198eb5000 	/usr/lib/system/libsystem_collections.dylib
0x00000001978b4000 	/usr/lib/system/libsystem_configuration.dylib
0x0000000196887000 	/usr/lib/system/libsystem_containermanager.dylib
0x0000000198b60000 	/usr/lib/system/libsystem_coreservices.dylib
0x00000001902a5000 	/usr/lib/system/libsystem_darwin.dylib
0x0000000198ec1000 	/usr/lib/system/libsystem_dnssd.dylib
0x000000018d34c000 	/usr/lib/system/libsystem_featureflags.dylib
0x000000018d4ea000 	/usr/lib/system/libsystem_info.dylib
0x0000000198e28000 	/usr/lib/system/libsystem_m.dylib
0x000000018d2d8000 	/usr/lib/system/libsystem_malloc.dylib
0x00000001920d1000 	/usr/lib/system/libsystem_networkextension.dylib
0x000000019070e000 	/usr/lib/system/libsystem_notify.dylib
0x00000001978b9000 	/usr/lib/system/libsystem_sandbox.dylib
0x0000000198eba000 	/usr/lib/system/libsystem_secinit.dylib
0x000000018d477000 	/usr/lib/system/libsystem_kernel.dylib
0x000000018d4e3000 	/usr/lib/system/libsystem_platform.dylib
0x000000018d4b1000 	/usr/lib/system/libsystem_pthread.dylib
0x0000000193910000 	/usr/lib/system/libsystem_symptoms.dylib
0x000000018d232000 	/usr/lib/system/libsystem_trace.dylib
0x0000000198e94000 	/usr/lib/system/libunwind.dylib
0x000000018d1ee000 	/usr/lib/system/libxpc.dylib
0x000000018d45b000 	/usr/lib/libc++abi.dylib
0x000000018d114000 	/usr/lib/libobjc.A.dylib
0x0000000198e9f000 	/usr/lib/liboah.dylib
0x000000018d3ce000 	/usr/lib/libc++.1.dylib
0x00000001a5fea000 	/System/Library/Frameworks/Cocoa.framework/Versions/A/Cocoa
0x0000000190770000 	/System/Library/Frameworks/AppKit.framework/Versions/C/AppKit
0x0000000193165000 	/System/Library/Frameworks/CoreData.framework/Versions/A/CoreData
0x000000018e4ae000 	/System/Library/Frameworks/Foundation.framework/Versions/C/Foundation
0x000000019167f000 	/System/Library/PrivateFrameworks/UIFoundation.framework/Versions/A/UIFoundation
0x00000001fc319000 	/System/Library/PrivateFrameworks/CollectionViewCore.framework/Versions/A/CollectionViewCore
0x00000001a0305000 	/System/Library/PrivateFrameworks/RemoteViewServices.framework/Versions/A/RemoteViewServices
0x000000019719a000 	/System/Library/PrivateFrameworks/XCTTargetBootstrap.framework/Versions/A/XCTTargetBootstrap
0x000000019b972000 	/System/Library/PrivateFrameworks/InternationalSupport.framework/Versions/A/InternationalSupport
0x000000019b9f9000 	/System/Library/PrivateFrameworks/UserActivity.framework/Versions/A/UserActivity
0x0000000214239000 	/System/Library/PrivateFrameworks/WindowManagement.framework/Versions/A/WindowManagement
0x000000018e17b000 	/System/Library/Frameworks/SystemConfiguration.framework/Versions/A/SystemConfiguration
0x000000019ade7000 	/usr/lib/libspindump.dylib
0x0000000191825000 	/System/Library/Frameworks/UniformTypeIdentifiers.framework/Versions/A/UniformTypeIdentifiers
0x00000001950ed000 	/usr/lib/libapp_launch_measurement.dylib
0x000000019459f000 	/System/Library/PrivateFrameworks/CoreAnalytics.framework/Versions/A/CoreAnalytics
0x00000001950f4000 	/System/Library/PrivateFrameworks/CoreAutoLayout.framework/Versions/A/CoreAutoLayout
0x00000001968db000 	/System/Library/Frameworks/Metal.framework/Versions/A/Metal
0x00000001978c6000 	/usr/lib/liblangid.dylib
0x00000001971a0000 	/System/Library/PrivateFrameworks/CoreSVG.framework/Versions/A/CoreSVG
0x0000000192189000 	/System/Library/PrivateFrameworks/SkyLight.framework/Versions/A/SkyLight
0x00000001925af000 	/System/Library/Frameworks/CoreGraphics.framework/Versions/A/CoreGraphics
0x00000001a09df000 	/System/Library/Frameworks/Accelerate.framework/Versions/A/Accelerate
0x000000019a82c000 	/System/Library/PrivateFrameworks/IconServices.framework/Versions/A/IconServices
0x00000001968b9000 	/System/Library/Frameworks/IOSurface.framework/Versions/A/IOSurface
0x00000001945cd000 	/usr/lib/libDiagnosticMessagesClient.dylib
0x00000001a3e32000 	/System/Library/Frameworks/ApplicationServices.framework/Versions/A/ApplicationServices
0x0000000197182000 	/System/Library/PrivateFrameworks/DFRFoundation.framework/Versions/A/DFRFoundation
0x000000018fff1000 	/usr/lib/libicucore.A.dylib
0x000000019cd4a000 	/System/Library/Frameworks/AudioToolbox.framework/Versions/A/AudioToolbox
0x000000019b97d000 	/System/Library/PrivateFrameworks/DataDetectorsCore.framework/Versions/A/DataDetectorsCore
0x00000001b37a3000 	/System/Library/PrivateFrameworks/TextInput.framework/Versions/A/TextInput
0x00000001920ec000 	/usr/lib/libMobileGestalt.dylib
0x0000000196e4e000 	/System/Library/Frameworks/Carbon.framework/Versions/A/Frameworks/HIToolbox.framework/Versions/A/HIToolbox
0x0000000194a5a000 	/System/Library/Frameworks/QuartzCore.framework/Versions/A/QuartzCore
0x000000018fc40000 	/System/Library/Frameworks/Security.framework/Versions/A/Security
0x00000001a0345000 	/System/Library/Frameworks/Carbon.framework/Versions/A/Frameworks/SpeechRecognition.framework/Versions/A/SpeechRecognition
0x0000000194e2c000 	/System/Library/PrivateFrameworks/CoreUI.framework/Versions/A/CoreUI
0x000000018f5ad000 	/System/Library/Frameworks/CoreAudio.framework/Versions/A/CoreAudio
0x00000001946a8000 	/System/Library/Frameworks/DiskArbitration.framework/Versions/A/DiskArbitration
0x000000019b228000 	/System/Library/PrivateFrameworks/MultitouchSupport.framework/Versions/A/MultitouchSupport
0x00000001920ea000 	/usr/lib/libenergytrace.dylib
0x0000000190633000 	/System/Library/Frameworks/IOKit.framework/Versions/A/IOKit
0x00000001a0730000 	/System/Library/Frameworks/CoreServices.framework/Versions/A/CoreServices
0x000000019507a000 	/System/Library/PrivateFrameworks/PerformanceAnalysis.framework/Versions/A/PerformanceAnalysis
0x00000001f2228000 	/System/Library/Frameworks/OpenGL.framework/Versions/A/OpenGL
0x000000019513e000 	/usr/lib/libxml2.2.dylib
0x000000019837a000 	/System/Library/PrivateFrameworks/MobileKeyBag.framework/Versions/A/MobileKeyBag
0x0000000192bf6000 	/System/Library/Frameworks/ColorSync.framework/Versions/A/ColorSync
0x000000018d517000 	/System/Library/Frameworks/CoreFoundation.framework/Versions/A/CoreFoundation
0x00000001974db000 	/System/Library/Frameworks/CoreImage.framework/Versions/A/CoreImage
0x000000018f3cb000 	/System/Library/Frameworks/CoreText.framework/Versions/A/CoreText
0x00000001971d8000 	/System/Library/Frameworks/ImageIO.framework/Versions/A/ImageIO
0x0000000198ed6000 	/System/Library/PrivateFrameworks/SoftLinking.framework/Versions/A/SoftLinking
0x000000019916c000 	/usr/lib/libcompression.dylib
0x000000019b8cd000 	/System/Library/PrivateFrameworks/TextureIO.framework/Versions/A/TextureIO
0x000000019a4f9000 	/usr/lib/libate.dylib
0x000000019a3b3000 	/usr/lib/liblzma.5.dylib
0x0000000198ed2000 	/usr/lib/libfakelink.dylib
0x0000000191d0d000 	/System/Library/Frameworks/CFNetwork.framework/Versions/A/CFNetwork
0x0000000199010000 	/usr/lib/libarchive.2.dylib
0x000000019e670000 	/System/Library/Frameworks/Combine.framework/Versions/A/Combine
0x000000019c72a000 	/usr/lib/swift/libswiftCore.dylib
0x00000001b0838000 	/usr/lib/swift/libswiftCoreFoundation.dylib
0x00000001ae7c2000 	/usr/lib/swift/libswiftDarwin.dylib
0x00000001a1c77000 	/usr/lib/swift/libswiftDispatch.dylib
0x00000001b0859000 	/usr/lib/swift/libswiftIOKit.dylib
0x00000001a4262000 	/usr/lib/swift/libswiftObjectiveC.dylib
0x00000001b084c000 	/usr/lib/swift/libswiftXPC.dylib
0x000000021ac5c000 	/usr/lib/swift/libswift_Concurrency.dylib
0x000000021adaa000 	/usr/lib/swift/libswift_StringProcessing.dylib
0x00000001a4266000 	/usr/lib/swift/libswiftos.dylib
0x00000001905b8000 	/System/Library/PrivateFrameworks/CoreServicesInternal.framework/Versions/A/CoreServicesInternal
0x0000000198499000 	/usr/lib/libbsm.0.dylib
0x0000000198e66000 	/usr/lib/system/libkxld.dylib
0x00000001950b6000 	/System/Library/Frameworks/CoreServices.framework/Versions/A/Frameworks/FSEvents.framework/Versions/A/FSEvents
0x00000001902b0000 	/System/Library/Frameworks/CoreServices.framework/Versions/A/Frameworks/CarbonCore.framework/Versions/A/CarbonCore
0x0000000194610000 	/System/Library/Frameworks/CoreServices.framework/Versions/A/Frameworks/Metadata.framework/Versions/A/Metadata
0x0000000198b66000 	/System/Library/Frameworks/CoreServices.framework/Versions/A/Frameworks/OSServices.framework/Versions/A/OSServices
0x0000000199098000 	/System/Library/Frameworks/CoreServices.framework/Versions/A/Frameworks/SearchKit.framework/Versions/A/SearchKit
0x0000000193892000 	/System/Library/Frameworks/CoreServices.framework/Versions/A/Frameworks/AE.framework/Versions/A/AE
0x000000018d9f1000 	/System/Library/Frameworks/CoreServices.framework/Versions/A/Frameworks/LaunchServices.framework/Versions/A/LaunchServices
0x000000019a35c000 	/System/Library/Frameworks/CoreServices.framework/Versions/A/Frameworks/DictionaryServices.framework/Versions/A/DictionaryServices
0x00000001950c3000 	/System/Library/Frameworks/CoreServices.framework/Versions/A/Frameworks/SharedFileList.framework/Versions/A/SharedFileList
0x0000000199136000 	/usr/lib/libapple_nghttp2.dylib
0x0000000191d09000 	/usr/lib/libnetwork.dylib
0x0000000193541000 	/usr/lib/libsqlite3.dylib
0x0000000193919000 	/System/Library/Frameworks/Network.framework/Versions/A/Network
0x0000000219d51000 	/usr/lib/libCoreEntitlements.dylib
0x0000000205dd1000 	/System/Library/PrivateFrameworks/MessageSecurity.framework/Versions/A/MessageSecurity
0x0000000193527000 	/System/Library/PrivateFrameworks/ProtocolBuffer.framework/Versions/A/ProtocolBuffer
0x0000000198a8f000 	/System/Library/PrivateFrameworks/AppleFSCompression.framework/Versions/A/AppleFSCompression
0x0000000198481000 	/usr/lib/libcoretls.dylib
0x000000019a3cc000 	/usr/lib/libcoretls_cfhelpers.dylib
0x0000000199166000 	/usr/lib/libpam.2.dylib
0x000000019a437000 	/usr/lib/libxar.1.dylib
0x000000019a806000 	/usr/lib/libheimdal-asn1.dylib
0x0000000198ed7000 	/usr/lib/libpcap.A.dylib
0x0000000193906000 	/usr/lib/libdns_services.dylib
0x00000001978c1000 	/System/Library/PrivateFrameworks/AppleSystemInfo.framework/Versions/A/AppleSystemInfo
0x0000000198179000 	/System/Library/PrivateFrameworks/IOMobileFramebuffer.framework/Versions/A/IOMobileFramebuffer
0x0000000198b53000 	/usr/lib/libbz2.1.0.dylib
0x0000000198475000 	/usr/lib/libCheckFix.dylib
0x000000019216b000 	/System/Library/PrivateFrameworks/TCC.framework/Versions/A/TCC
0x00000001978c8000 	/System/Library/PrivateFrameworks/CoreNLP.framework/Versions/A/CoreNLP
0x00000001945cf000 	/System/Library/PrivateFrameworks/MetadataUtilities.framework/Versions/A/MetadataUtilities
0x00000001984ab000 	/usr/lib/libmecab.dylib
0x000000018e205000 	/usr/lib/libCRFSuite.dylib
0x0000000198507000 	/usr/lib/libgermantok.dylib
0x000000019910f000 	/usr/lib/libThaiTokenizer.dylib
0x00000001946b1000 	/System/Library/Frameworks/Accelerate.framework/Versions/A/Frameworks/vImage.framework/Versions/A/vImage
0x00000001a0707000 	/System/Library/Frameworks/Accelerate.framework/Versions/A/Frameworks/vecLib.framework/Versions/A/vecLib
0x000000019a47d000 	/System/Library/Frameworks/Accelerate.framework/Versions/A/Frameworks/vecLib.framework/Versions/A/libvMisc.dylib
0x0000000198078000 	/System/Library/Frameworks/Accelerate.framework/Versions/A/Frameworks/vecLib.framework/Versions/A/libvDSP.dylib
0x000000018dda6000 	/System/Library/Frameworks/Accelerate.framework/Versions/A/Frameworks/vecLib.framework/Versions/A/libBLAS.dylib
0x0000000199241000 	/System/Library/Frameworks/Accelerate.framework/Versions/A/Frameworks/vecLib.framework/Versions/A/libLAPACK.dylib
0x000000019850a000 	/System/Library/Frameworks/Accelerate.framework/Versions/A/Frameworks/vecLib.framework/Versions/A/libLinearAlgebra.dylib
0x0000000199151000 	/System/Library/Frameworks/Accelerate.framework/Versions/A/Frameworks/vecLib.framework/Versions/A/libSparseBLAS.dylib
0x000000019923c000 	/System/Library/Frameworks/Accelerate.framework/Versions/A/Frameworks/vecLib.framework/Versions/A/libQuadrature.dylib
0x00000001979bd000 	/System/Library/Frameworks/Accelerate.framework/Versions/A/Frameworks/vecLib.framework/Versions/A/libBNNS.dylib
0x000000018e113000 	/System/Library/Frameworks/Accelerate.framework/Versions/A/Frameworks/vecLib.framework/Versions/A/libSparse.dylib
0x000000020500b000 	/System/Library/PrivateFrameworks/MIL.framework/Versions/A/MIL
0x0000000198f0c000 	/usr/lib/libiconv.2.dylib
0x0000000198e5f000 	/usr/lib/libcharset.1.dylib
0x0000000195096000 	/System/Library/Frameworks/OpenDirectory.framework/Versions/A/Frameworks/CFOpenDirectory.framework/Versions/A/CFOpenDirectory
0x0000000195086000 	/System/Library/Frameworks/OpenDirectory.framework/Versions/A/OpenDirectory
0x000000019a3ce000 	/System/Library/PrivateFrameworks/APFS.framework/Versions/A/APFS
0x00000001983b0000 	/System/Library/Frameworks/SecurityFoundation.framework/Versions/A/SecurityFoundation
0x000000019a446000 	/usr/lib/libutil.dylib
0x0000000203eb9000 	/System/Library/PrivateFrameworks/InstalledContentLibrary.framework/Versions/A/InstalledContentLibrary
0x00000001905f6000 	/System/Library/PrivateFrameworks/CoreServicesStore.framework/Versions/A/CoreServicesStore
0x00000001fabfc000 	/System/Library/PrivateFrameworks/AppleMobileFileIntegrity.framework/Versions/A/AppleMobileFileIntegrity
0x00000001b0818000 	/usr/lib/libmis.dylib
0x00000001be957000 	/System/Library/PrivateFrameworks/MobileSystemServices.framework/Versions/A/MobileSystemServices
0x00000001d9b3a000 	/System/Library/PrivateFrameworks/ConfigProfileHelper.framework/Versions/A/ConfigProfileHelper
0x0000000199111000 	/System/Library/PrivateFrameworks/AppleSauce.framework/Versions/A/AppleSauce
0x000000018ee73000 	/System/Library/PrivateFrameworks/LanguageModeling.framework/Versions/A/LanguageModeling
0x000000019a44a000 	/usr/lib/libxslt.1.dylib
0x0000000198ffe000 	/usr/lib/libcmph.dylib
0x0000000198166000 	/System/Library/PrivateFrameworks/CoreEmoji.framework/Versions/A/CoreEmoji
0x00000001979b7000 	/System/Library/PrivateFrameworks/LinguisticData.framework/Versions/A/LinguisticData
0x000000018e0cb000 	/System/Library/PrivateFrameworks/Lexicon.framework/Versions/A/Lexicon
0x0000000198442000 	/System/Library/PrivateFrameworks/BackgroundTaskManagement.framework/Versions/A/BackgroundTaskManagement
0x0000000219ef4000 	/usr/lib/libTLE.dylib
0x000000021acfa000 	/usr/lib/swift/libswift_RegexParser.dylib
0x000000019b0ed000 	/System/Library/PrivateFrameworks/AppleJPEG.framework/Versions/A/AppleJPEG
0x000000019a7eb000 	/usr/lib/libexpat.1.dylib
0x000000019b730000 	/System/Library/Frameworks/ImageIO.framework/Versions/A/Resources/libPng.dylib
0x000000019b75b000 	/System/Library/Frameworks/ImageIO.framework/Versions/A/Resources/libTIFF.dylib
0x000000019b843000 	/System/Library/Frameworks/ImageIO.framework/Versions/A/Resources/libGIF.dylib
0x000000019b133000 	/System/Library/Frameworks/ImageIO.framework/Versions/A/Resources/libJP2.dylib
0x000000019b7e8000 	/System/Library/Frameworks/ImageIO.framework/Versions/A/Resources/libJPEG.dylib
0x000000019b7df000 	/System/Library/Frameworks/ImageIO.framework/Versions/A/Resources/libRadiance.dylib
0x0000000196cdb000 	/System/Library/PrivateFrameworks/FontServices.framework/libFontParser.dylib
0x0000000193833000 	/System/Library/PrivateFrameworks/RunningBoardServices.framework/Versions/A/RunningBoardServices
0x00000001a678c000 	/System/Library/PrivateFrameworks/IOSurfaceAccelerator.framework/Versions/A/IOSurfaceAccelerator
0x000000019b224000 	/System/Library/PrivateFrameworks/WatchdogClient.framework/Versions/A/WatchdogClient
0x000000018efef000 	/System/Library/Frameworks/CoreDisplay.framework/Versions/A/CoreDisplay
0x0000000196aeb000 	/System/Library/Frameworks/CoreMedia.framework/Versions/A/CoreMedia
0x00000001968d1000 	/System/Library/PrivateFrameworks/IOAccelerator.framework/Versions/A/IOAccelerator
0x0000000195227000 	/System/Library/Frameworks/CoreVideo.framework/Versions/A/CoreVideo
0x0000000199164000 	/System/Library/Frameworks/MetalPerformanceShaders.framework/Versions/A/MetalPerformanceShaders
0x000000019b265000 	/System/Library/Frameworks/VideoToolbox.framework/Versions/A/VideoToolbox
0x0000000193770000 	/System/Library/PrivateFrameworks/BaseBoard.framework/Versions/A/BaseBoard
0x000000019b7da000 	/System/Library/PrivateFrameworks/GPUWrangler.framework/Versions/A/GPUWrangler
0x000000019b7ba000 	/System/Library/PrivateFrameworks/IOPresentment.framework/Versions/A/IOPresentment
0x000000019b7e2000 	/System/Library/PrivateFrameworks/DSExternalDisplay.framework/Versions/A/DSExternalDisplay
0x0000000200596000 	/System/Library/PrivateFrameworks/GPUCompiler.framework/Versions/31001/Libraries/libllvm-flatbuffers.dylib
0x00000001f221b000 	/System/Library/Frameworks/OpenGL.framework/Versions/A/Libraries/libCoreFSCache.dylib
0x0000000200592000 	/System/Library/PrivateFrameworks/GPUCompiler.framework/Versions/31001/Libraries/libGPUCompilerUtils.dylib
0x000000019b849000 	/System/Library/PrivateFrameworks/CMCaptureCore.framework/Versions/A/CMCaptureCore
0x00000001f4b1a000 	/System/Library/Frameworks/ExtensionFoundation.framework/Versions/A/ExtensionFoundation
0x00000001a2494000 	/System/Library/PrivateFrameworks/CoreTime.framework/Versions/A/CoreTime
0x000000019add2000 	/System/Library/PrivateFrameworks/AppServerSupport.framework/Versions/A/AppServerSupport
0x000000019d62b000 	/System/Library/PrivateFrameworks/perfdata.framework/Versions/A/perfdata
0x000000018f10f000 	/System/Library/PrivateFrameworks/AudioToolboxCore.framework/Versions/A/AudioToolboxCore
0x0000000196ac2000 	/System/Library/PrivateFrameworks/caulk.framework/Versions/A/caulk
0x000000019cee4000 	/usr/lib/libAudioStatistics.dylib
0x00000001afc5b000 	/System/Library/PrivateFrameworks/SystemPolicy.framework/Versions/A/SystemPolicy
0x000000019d182000 	/usr/lib/libSMC.dylib
0x00000001a5eb7000 	/System/Library/Frameworks/CoreMIDI.framework/Versions/A/CoreMIDI
0x000000019b6fd000 	/usr/lib/libAudioToolboxUtility.dylib
0x00000001ab8c0000 	/System/Library/PrivateFrameworks/OSAServicesClient.framework/Versions/A/OSAServicesClient
0x000000019d639000 	/usr/lib/libperfcheck.dylib
0x000000019a6d6000 	/System/Library/PrivateFrameworks/PlugInKit.framework/Versions/A/PlugInKit
0x00000001983a2000 	/System/Library/PrivateFrameworks/AssertionServices.framework/Versions/A/AssertionServices
0x00000001f227d000 	/System/Library/Frameworks/OpenGL.framework/Versions/A/Libraries/libGLU.dylib
0x00000001f223c000 	/System/Library/Frameworks/OpenGL.framework/Versions/A/Libraries/libGFXShared.dylib
0x00000001f2417000 	/System/Library/Frameworks/OpenGL.framework/Versions/A/Libraries/libGL.dylib
0x00000001f2245000 	/System/Library/Frameworks/OpenGL.framework/Versions/A/Libraries/libGLImage.dylib
0x00000001f2239000 	/System/Library/Frameworks/OpenGL.framework/Versions/A/Libraries/libCVMSPluginSupport.dylib
0x0000000219ed3000 	/usr/lib/libRosetta.dylib
0x00000001f2222000 	/System/Library/Frameworks/OpenGL.framework/Versions/A/Libraries/libCoreVMClient.dylib
0x0000000197839000 	/System/Library/Frameworks/MetalPerformanceShaders.framework/Versions/A/Frameworks/MPSCore.framework/Versions/A/MPSCore
0x0000000198a05000 	/System/Library/Frameworks/MetalPerformanceShaders.framework/Versions/A/Frameworks/MPSImage.framework/Versions/A/MPSImage
0x000000019851f000 	/System/Library/Frameworks/MetalPerformanceShaders.framework/Versions/A/Frameworks/MPSNeuralNetwork.framework/Versions/A/MPSNeuralNetwork
0x0000000198907000 	/System/Library/Frameworks/MetalPerformanceShaders.framework/Versions/A/Frameworks/MPSMatrix.framework/Versions/A/MPSMatrix
0x0000000198719000 	/System/Library/Frameworks/MetalPerformanceShaders.framework/Versions/A/Frameworks/MPSRayIntersector.framework/Versions/A/MPSRayIntersector
0x0000000198936000 	/System/Library/Frameworks/MetalPerformanceShaders.framework/Versions/A/Frameworks/MPSNDArray.framework/Versions/A/MPSNDArray
0x00000001f5fd9000 	/System/Library/Frameworks/MetalPerformanceShaders.framework/Versions/A/Frameworks/MPSFunctions.framework/Versions/A/MPSFunctions
0x000000018dc6b000 	/System/Library/PrivateFrameworks/MetalTools.framework/Versions/A/MetalTools
0x00000001978bf000 	/System/Library/PrivateFrameworks/AggregateDictionary.framework/Versions/A/AggregateDictionary
0x000000019a58e000 	/usr/lib/libIOReport.dylib
0x00000001a50cb000 	/System/Library/PrivateFrameworks/ASEProcessing.framework/Versions/A/ASEProcessing
0x0000000208df0000 	/System/Library/PrivateFrameworks/PhotosensitivityProcessing.framework/Versions/A/PhotosensitivityProcessing
0x000000019a970000 	/System/Library/PrivateFrameworks/GraphVisualizer.framework/Versions/A/GraphVisualizer
0x00000002004b3000 	/System/Library/PrivateFrameworks/FontServices.framework/Versions/A/FontServices
0x000000019ad90000 	/System/Library/PrivateFrameworks/OTSVG.framework/Versions/A/OTSVG
0x0000000194dda000 	/System/Library/Frameworks/ApplicationServices.framework/Versions/A/Frameworks/ATS.framework/Versions/A/Resources/libFontRegistry.dylib
0x000000019addc000 	/System/Library/PrivateFrameworks/FontServices.framework/libhvf.dylib
0x00000002004b4000 	/System/Library/PrivateFrameworks/FontServices.framework/libXTFontStaticRegistryData.dylib
0x0000000212e57000 	/System/Library/PrivateFrameworks/VideoToolboxParavirtualizationSupport.framework/Versions/A/VideoToolboxParavirtualizationSupport
0x000000019a79f000 	/System/Library/PrivateFrameworks/AppleVA.framework/Versions/A/AppleVA
0x000000019cf24000 	/System/Library/Frameworks/ApplicationServices.framework/Versions/A/Frameworks/ATS.framework/Versions/A/ATS
0x0000000192ce8000 	/System/Library/Frameworks/ApplicationServices.framework/Versions/A/Frameworks/HIServices.framework/Versions/A/HIServices
0x000000019b855000 	/System/Library/Frameworks/ApplicationServices.framework/Versions/A/Frameworks/PrintCore.framework/Versions/A/PrintCore
0x000000019d2db000 	/System/Library/Frameworks/ApplicationServices.framework/Versions/A/Frameworks/QD.framework/Versions/A/QD
0x000000019d2cf000 	/System/Library/Frameworks/ApplicationServices.framework/Versions/A/Frameworks/ColorSyncLegacy.framework/Versions/A/ColorSyncLegacy
0x000000019cef8000 	/System/Library/Frameworks/ApplicationServices.framework/Versions/A/Frameworks/SpeechSynthesis.framework/Versions/A/SpeechSynthesis
0x000000019b813000 	/System/Library/Frameworks/ApplicationServices.framework/Versions/A/Frameworks/ATSUI.framework/Versions/A/ATSUI
0x000000019d262000 	/usr/lib/libcups.2.dylib
0x000000019d647000 	/System/Library/Frameworks/Kerberos.framework/Versions/A/Kerberos
0x000000019d658000 	/System/Library/Frameworks/GSS.framework/Versions/A/GSS
0x000000019cf96000 	/usr/lib/libresolv.9.dylib
0x000000019adec000 	/System/Library/PrivateFrameworks/Heimdal.framework/Versions/A/Heimdal
0x00000001a41e4000 	/System/Library/Frameworks/Kerberos.framework/Versions/A/Libraries/libHeimdalProxy.dylib
0x000000019d6b0000 	/System/Library/PrivateFrameworks/CommonAuth.framework/Versions/A/CommonAuth
0x00000001f3d2e000 	/System/Library/Frameworks/AVFAudio.framework/Versions/A/AVFAudio
0x00000001ab90f000 	/System/Library/PrivateFrameworks/AXCoreUtilities.framework/Versions/A/AXCoreUtilities
0x000000019ce70000 	/System/Library/PrivateFrameworks/AudioSession.framework/Versions/A/AudioSession
0x000000019e423000 	/System/Library/Frameworks/IOBluetooth.framework/Versions/A/IOBluetooth
0x000000019a8a1000 	/System/Library/PrivateFrameworks/MediaExperience.framework/Versions/A/MediaExperience
0x000000019cd10000 	/System/Library/PrivateFrameworks/AudioSession.framework/libSessionUtility.dylib
0x000000019d2e7000 	/System/Library/PrivateFrameworks/AudioResourceArbitration.framework/Versions/A/AudioResourceArbitration
0x00000001a133f000 	/System/Library/PrivateFrameworks/PowerLog.framework/Versions/A/PowerLog
0x00000001a1280000 	/System/Library/Frameworks/CoreBluetooth.framework/Versions/A/CoreBluetooth
0x00000001a41e5000 	/System/Library/Frameworks/AudioUnit.framework/Versions/A/AudioUnit
0x0000000198205000 	/System/Library/PrivateFrameworks/CoreUtils.framework/Versions/A/CoreUtils
0x00000001feda7000 	/System/Library/PrivateFrameworks/CoreUtilsExtras.framework/Versions/A/CoreUtilsExtras
0x0000000203d4f000 	/System/Library/PrivateFrameworks/IO80211.framework/Versions/A/IO80211
0x000000019a811000 	/System/Library/PrivateFrameworks/IconFoundation.framework/Versions/A/IconFoundation
0x00000001a0331000 	/System/Library/PrivateFrameworks/SpeechRecognitionCore.framework/Versions/A/SpeechRecognitionCore
0x00000001051e4000 	/opt/homebrew/Cellar/openjdk/19.0.2/libexec/openjdk.jdk/Contents/Home/lib/server/libjvm.dylib
0x00000001042d8000 	/opt/homebrew/Cellar/openjdk/19.0.2/libexec/openjdk.jdk/Contents/Home/lib/libjimage.dylib
0x0000000104320000 	/opt/homebrew/Cellar/openjdk/19.0.2/libexec/openjdk.jdk/Contents/Home/lib/libjava.dylib


VM Arguments:
jvm_args: -Dfile.encoding=UTF-8 -XX:+ShowCodeDetailsInExceptionMessages 
java_command: InchesToMeters
java_class_path (initial): /Users/yadu/Library/Mobile Documents/com~apple~CloudDocs/Study/UIC_Course/Computer Science/Java/UIC-oop/Lab/Lab2/Lab2Part1/Question1/bin
Launcher Type: SUN_STANDARD

[Global flags]
     intx CICompilerCount                          = 4                                         {product} {ergonomic}
     uint ConcGCThreads                            = 2                                         {product} {ergonomic}
     uint G1ConcRefinementThreads                  = 9                                         {product} {ergonomic}
    uintx GCDrainStackTargetSize                   = 64                                        {product} {ergonomic}
   size_t InitialHeapSize                          = 536870912                                 {product} {ergonomic}
   size_t MarkStackSize                            = 4194304                                   {product} {ergonomic}
   size_t MaxHeapSize                              = 8589934592                                {product} {ergonomic}
   size_t MinHeapSize                              = 6815736                                   {product} {ergonomic}
    uintx NonNMethodCodeHeapSize                   = 5839564                                {pd product} {ergonomic}
    uintx NonProfiledCodeHeapSize                  = 122909338                              {pd product} {ergonomic}
    uintx ProfiledCodeHeapSize                     = 122909338                              {pd product} {ergonomic}
    uintx ReservedCodeCacheSize                    = 251658240                              {pd product} {ergonomic}
     bool SegmentedCodeCache                       = true                                      {product} {ergonomic}
     bool ShowCodeDetailsInExceptionMessages       = true                                   {manageable} {command line}
     bool UseCompressedClassPointers               = true                           {product lp64_product} {ergonomic}
     bool UseCompressedOops                        = true                           {product lp64_product} {ergonomic}
     bool UseG1GC                                  = true                                      {product} {ergonomic}
     bool UseNUMA                                  = false                                     {product} {ergonomic}
     bool UseNUMAInterleaving                      = false                                     {product} {ergonomic}

Logging:
Log output configuration:
 #0: stdout all=warning uptime,level,tags foldmultilines=false
 #1: stderr all=off uptime,level,tags foldmultilines=false

Environment Variables:
PATH=/usr/bin:/bin:/usr/sbin:/sbin
SHELL=/bin/zsh
TMPDIR=/var/folders/6q/fhs8nscs74x_6_b67t7dm9y40000gn/T/

Active Locale:
LC_ALL=C
LC_COLLATE=C
LC_CTYPE=C
LC_MESSAGES=C
LC_MONETARY=C
LC_NUMERIC=C
LC_TIME=C

Signal Handlers:
   SIGSEGV: crash_handler in libjvm.dylib, mask=11100110000111110111111111111111, flags=SA_RESTART|SA_SIGINFO
    SIGBUS: crash_handler in libjvm.dylib, mask=11100110000111110111111111111111, flags=SA_RESTART|SA_SIGINFO
    SIGFPE: crash_handler in libjvm.dylib, mask=11100110000111110111111111111111, flags=SA_RESTART|SA_SIGINFO
   SIGPIPE: javaSignalHandler in libjvm.dylib, mask=11100110000111110111111111111111, flags=SA_RESTART|SA_SIGINFO
   SIGXFSZ: javaSignalHandler in libjvm.dylib, mask=11100110000111110111111111111111, flags=SA_RESTART|SA_SIGINFO
    SIGILL: crash_handler in libjvm.dylib, mask=11100110000111110111111111111111, flags=SA_RESTART|SA_SIGINFO
   SIGUSR2: SR_handler in libjvm.dylib, mask=00100000000000000000000000000000, flags=SA_RESTART|SA_SIGINFO
    SIGHUP: SIG_DFL, mask=11100110000111110111111111111111, flags=SA_RESTART|SA_SIGINFO
    SIGINT: SIG_DFL, mask=11100110000111110111111111111111, flags=SA_RESTART|SA_SIGINFO
   SIGTERM: SIG_DFL, mask=11100110000111110111111111111111, flags=SA_RESTART|SA_SIGINFO
   SIGQUIT: UserHandler in libjvm.dylib, mask=11100110000111110111111111111111, flags=SA_RESTART|SA_SIGINFO
   SIGTRAP: crash_handler in libjvm.dylib, mask=11100110000111110111111111111111, flags=SA_RESTART|SA_SIGINFO


---------------  S Y S T E M  ---------------

OS:
uname: Darwin 22.4.0 Darwin Kernel Version 22.4.0: Fri Feb 10 08:08:36 PST 2023; root:xnu-8796.100.721.505.3~4/RELEASE_ARM64_T6000 arm64
OS uptime: 3 days 0:47 hours
rlimit (soft/hard): STACK 8176k/65520k , CORE 0k/infinity , NPROC 5333/8000 , NOFILE 10240/infinity , AS infinity/infinity , CPU infinity/infinity , DATA infinity/infinity , FSIZE infinity/infinity , MEMLOCK infinity/infinity , RSS infinity/infinity
load average: 3.09 2.84 2.64

CPU: total 10 (initial active 10) 0x61:0x0:0x1b588bb3:0, fp, simd, aes, pmull, crc32, lse

Memory: 16k page, physical 33554432k(3489232k free), swap 0k(0k free)

vm_info: OpenJDK 64-Bit Server VM (19.0.2) for bsd-aarch64 JRE (19.0.2), built on 2022-11-30T17:57:00Z by "brew" with clang Apple LLVM 14.0.0 (clang-1400.0.29.202)

END.
